# project sleepy (0.1.0) configured on Fri Sep 16 20:56:07 2011 by
# waf 1.6.7 (abi 98, python 30202f0 on linux2)
# using ./waf configure dist
#
----------------------------------------
Setting top to
/home/chin/src/sleepy
----------------------------------------
Setting out to
/home/chin/src/sleepy/build
----------------------------------------
Checking for 'gcc' (c compiler)
find program=['gcc', 'cc'] paths=['/home/chin/bin', '/usr/local/bin', '/usr/bin', '/bin', '/usr/local/sbin', '/usr/sbin', '/sbin', '/usr/share/java/apache-ant/bin', '/opt/kde/bin', '/usr/bin/vendor_perl', '/usr/bin/core_perl', '/opt/qt/bin'] var='CC' -> '/usr/bin/gcc'
find program=['ar'] paths=['/home/chin/bin', '/usr/local/bin', '/usr/bin', '/bin', '/usr/local/sbin', '/usr/sbin', '/sbin', '/usr/share/java/apache-ant/bin', '/opt/kde/bin', '/usr/bin/vendor_perl', '/usr/bin/core_perl', '/opt/qt/bin'] var='AR' -> '/usr/bin/ar'
/usr/bin/gcc
----------------------------------------
Checking for program msgfmt
/usr/bin/msgfmt
find program=['msgfmt'] paths=['/home/chin/bin', '/usr/local/bin', '/usr/bin', '/bin', '/usr/local/sbin', '/usr/sbin', '/sbin', '/usr/share/java/apache-ant/bin', '/opt/kde/bin', '/usr/bin/vendor_perl', '/usr/bin/core_perl', '/opt/qt/bin'] var='MSGFMT' -> '/usr/bin/msgfmt'
----------------------------------------
Checking for program perl
/usr/bin/perl
find program=['perl'] paths=['/home/chin/bin', '/usr/local/bin', '/usr/bin', '/bin', '/usr/local/sbin', '/usr/sbin', '/sbin', '/usr/share/java/apache-ant/bin', '/opt/kde/bin', '/usr/bin/vendor_perl', '/usr/bin/core_perl', '/opt/qt/bin'] var='PERL' -> '/usr/bin/perl'
----------------------------------------
Checking for 'intltool-merge'
/usr/bin/intltool-merge
----------------------------------------
Checking for header locale.h
==>
#include <locale.h>

int main() {
	return 0;
}

<==
[1/2] [32mc: build/.conf_check_1d8a90333804c625ba9f36be397a4597/test.c -> build/.conf_check_1d8a90333804c625ba9f36be397a4597/testbuild/test.c.1.o
[0m
['/usr/bin/gcc', '-DLOCALEDIR="/usr/local/share/locale"', '-DDATADIR="/usr/local/share"', '../test.c', '-c', '-o', 'test.c.1.o']
[2/2] [33mcprogram: build/.conf_check_1d8a90333804c625ba9f36be397a4597/testbuild/test.c.1.o -> build/.conf_check_1d8a90333804c625ba9f36be397a4597/testbuild/testprog
[0m
['/usr/bin/gcc', 'test.c.1.o', '-o', '/home/chin/src/sleepy/build/.conf_check_1d8a90333804c625ba9f36be397a4597/testbuild/testprog', '-Wl,-Bstatic', '-Wl,-Bdynamic']
yes
----------------------------------------
Checking for program valac-0.10
not found
find program=['valac-0.10'] paths=['/home/chin/bin', '/usr/local/bin', '/usr/bin', '/bin', '/usr/local/sbin', '/usr/sbin', '/sbin', '/usr/share/java/apache-ant/bin', '/opt/kde/bin', '/usr/bin/vendor_perl', '/usr/bin/core_perl', '/opt/qt/bin'] var='VALAC' -> ''
from /home/chin/src/sleepy: Could not find the program valac-0.10
----------------------------------------
Checking for program valac
/usr/bin/valac
find program=['valac'] paths=['/home/chin/bin', '/usr/local/bin', '/usr/bin', '/bin', '/usr/local/sbin', '/usr/sbin', '/sbin', '/usr/share/java/apache-ant/bin', '/opt/kde/bin', '/usr/bin/vendor_perl', '/usr/bin/core_perl', '/opt/qt/bin'] var='VALAC' -> '/usr/bin/valac'
/usr/bin/valac --version
out: Vala 0.13.3

----------------------------------------
Checking for valac version >= (0, 10, 0)
(0, 13, 3)
----------------------------------------
Checking for program pkg-config
/usr/bin/pkg-config
find program=['pkg-config'] paths=['/home/chin/bin', '/usr/local/bin', '/usr/bin', '/bin', '/usr/local/sbin', '/usr/sbin', '/sbin', '/usr/share/java/apache-ant/bin', '/opt/kde/bin', '/usr/bin/vendor_perl', '/usr/bin/core_perl', '/opt/qt/bin'] var='PKGCONFIG' -> '/usr/bin/pkg-config'
----------------------------------------
Checking for 'glib-2.0' >= 2.16.0
['/usr/bin/pkg-config', '--atleast-version=2.16.0', 'glib-2.0']
['/usr/bin/pkg-config', 'glib-2.0', '--cflags', '--libs']
out: -I/usr/include/glib-2.0 -I/usr/lib/glib-2.0/include  -lglib-2.0  

yes
----------------------------------------
Checking for 'gobject-2.0' >= 2.16.0
['/usr/bin/pkg-config', '--atleast-version=2.16.0', 'gobject-2.0']
['/usr/bin/pkg-config', 'gobject-2.0', '--cflags', '--libs']
out: -pthread -I/usr/include/glib-2.0 -I/usr/lib/glib-2.0/include  -pthread -lgobject-2.0 -lgthread-2.0 -lrt -lglib-2.0  

yes
----------------------------------------
Checking for 'gtk+-2.0' >= 2.16
['/usr/bin/pkg-config', '--atleast-version=2.16', 'gtk+-2.0']
['/usr/bin/pkg-config', 'gtk+-2.0', '--cflags', '--libs']
out: -pthread -I/usr/include/gtk-2.0 -I/usr/lib/gtk-2.0/include -I/usr/include/atk-1.0 -I/usr/include/cairo -I/usr/include/gdk-pixbuf-2.0 -I/usr/include/pango-1.0 -I/usr/include/glib-2.0 -I/usr/lib/glib-2.0/include -I/usr/include/pixman-1 -I/usr/include/freetype2 -I/usr/include/libpng14  -pthread -lgtk-x11-2.0 -lgdk-x11-2.0 -latk-1.0 -lgio-2.0 -lpangoft2-1.0 -lpangocairo-1.0 -lgdk_pixbuf-2.0 -lcairo -lpango-1.0 -lfreetype -lfontconfig -lgobject-2.0 -lgmodule-2.0 -lgthread-2.0 -lrt -lglib-2.0  

yes
----------------------------------------
Checking for 'gee-1.0' >= 0.1
['/usr/bin/pkg-config', '--atleast-version=0.1', 'gee-1.0']
['/usr/bin/pkg-config', 'gee-1.0', '--cflags', '--libs']
out: -pthread -I/usr/include/gee-1.0 -I/usr/include/glib-2.0 -I/usr/lib/glib-2.0/include  -pthread -lgee -lgobject-2.0 -lgthread-2.0 -lrt -lglib-2.0  

yes
----------------------------------------
Checking for 'libnotify' >= 0.1
['/usr/bin/pkg-config', '--atleast-version=0.1', 'libnotify']
['/usr/bin/pkg-config', 'libnotify', '--cflags', '--libs']
out: -pthread -I/usr/include/gdk-pixbuf-2.0 -I/usr/include/glib-2.0 -I/usr/lib/glib-2.0/include -I/usr/include/libpng14  -pthread -lnotify -lgdk_pixbuf-2.0 -lgio-2.0 -lgobject-2.0 -lgmodule-2.0 -lgthread-2.0 -lrt -lglib-2.0  

yes
